[2022-03-15 21:08:26,632][trainer.py][INFO] - Config:
name: training
working_dir: ./experiment/${network.model}
device: cuda:0
random_seed: 1234
num_epoch: 30
data:
  use_background_generator: true
  divide_dataset_per_gpu: true
  rgb_range: 1
  dataset:
    train:
      model: OutlineDataset
      name: outliers
      params:
        data_dir: /home/echo/dataset/deblur/BlurDataset/train-multioptim-deblur/crop/output
        csv_filename: train.csv
        sigma_max: 0.01
        file_format:
        - '*.png'
        - '*.bmp'
        - '*.jpg'
        is_pretrain: false
    test:
      model: OutlierTestDataset
      name: levin
      params:
        data_dir: /home/echo/dataset/deblur/BlurDataset/train-multioptim-deblur/outliers/val/output/blur/0point/levin/1.4
        csv_filename: levin.csv
        file_format:
        - '*.png'
        - '*.jpg'
        - '*.bmp'
        sigma_max: 0.01
        is_pretrain: false
  dataloader:
    train:
      num_workers: 8
      batch_size: 8
    test:
      num_workers: 0
      batch_size: 1
network:
  model: DeblurFrame2
  grad_clip: 0.5
  params:
    in_channels: 3
    out_channels: 3
    mask_path: /home/echo/code/python/lowlight/outlierdeblur/experiment/pretrain/deblurmask1_training_100.pth
dist:
  master_addr: localhost
  master_port: '12355'
  mode: nccl
  gpus: 0
  timeout: 30
  rank: 0
log:
  use_tensorboard: true
  use_wandb: false
  wandb_init_conf:
    name: ${name}
    entity: null
    project: null
  summary_interval: 100
  chkpt_interval: 10
  chkpt_dir: chkpt
loss:
  L1loss:
    model: DeblurFrame2Loss
    reg_coefficient: 1
    params: null
regular:
  TV:
    reg_coefficient: 1
    model: IdentifyRegular
    params: null
optimizer:
  model: Adam
  params:
    lr: 0.0001
    betas:
    - 0.9
    - 0.999
scheduler:
  model: StepLR
  params:
    step_size: 25
    gamma: 0.5
load:
  wandb_load_path: null
  network_chkpt_path: null
  strict_load: false
  resume_state_path: null
job_logging_cfg:
  version: 1
  formatters:
    simple:
      format: '[%(levelname)s] %(message)s'
    detailed:
      format: '[%(asctime)s][%(name)s][%(levelname)s] - %(message)s'
  handlers:
    console:
      class: logging.StreamHandler
      formatter: simple
      stream: ext://sys.stdout
    file:
      class: logging.FileHandler
      formatter: detailed
      filename: trainer.log
  root:
    level: INFO
    handlers:
    - console
    - file
  disable_existing_loggers: false

[2022-03-15 21:08:26,632][trainer.py][INFO] - Set up train process
[2022-03-15 21:08:26,633][trainer.py][INFO] - BackgroundGenerator is turned off when Distributed running is on
[2022-03-15 21:08:26,633][trainer.py][INFO] - Making train dataloader...
[2022-03-15 21:08:26,668][trainer.py][INFO] - Making test dataloader...
[2022-03-15 21:08:29,935][trainer.py][INFO] - Starting new training run.
[2022-03-15 21:08:29,936][trainer.py][INFO] - [Epoch 1]	Generator Learning rate: 1.0000e-4
[2022-03-15 21:11:12,280][trainer.py][INFO] - [800/10000]	Train Loss:0.9155
[2022-03-15 21:13:48,583][trainer.py][INFO] - [1600/10000]	Train Loss:0.6056
[2022-03-15 21:16:25,359][trainer.py][INFO] - [2400/10000]	Train Loss:0.9943
[2022-03-15 21:19:06,329][trainer.py][INFO] - [3200/10000]	Train Loss:0.7352
[2022-03-15 21:21:42,547][trainer.py][INFO] - [4000/10000]	Train Loss:0.9075
[2022-03-15 21:24:21,863][trainer.py][INFO] - [4800/10000]	Train Loss:1.0088
[2022-03-15 21:27:01,557][trainer.py][INFO] - [5600/10000]	Train Loss:0.8617
[2022-03-15 21:29:40,998][trainer.py][INFO] - [6400/10000]	Train Loss:1.1385
[2022-03-15 21:32:22,445][trainer.py][INFO] - [7200/10000]	Train Loss:0.8781
[2022-03-15 21:35:00,435][trainer.py][INFO] - [8000/10000]	Train Loss:0.6803
[2022-03-15 21:37:43,409][trainer.py][INFO] - [8800/10000]	Train Loss:1.0050
[2022-03-15 21:40:26,062][trainer.py][INFO] - [9600/10000]	Train Loss:0.6028
[2022-03-15 21:41:43,332][trainer.py][INFO] - [10000/10000]	Train Loss:0.8031
[2022-03-15 21:41:43,662][__init__.py][INFO] - Saved training state to: chkpt/training_latest.state
[2022-03-15 22:25:32,136][trainer.py][INFO] - Test Loss: 0.4019, PSNR: 27.3917, SSIM: 0.8581
[2022-03-15 22:25:32,138][__init__.py][INFO] - Saved network checkpoint to: chkpt/training_1.pth
[2022-03-15 22:25:32,145][__init__.py][INFO] - Saved training state to: chkpt/training_epoch_1.state
[2022-03-15 22:25:32,146][trainer.py][INFO] - [Epoch 2]	Generator Learning rate: 1.0000e-4
[2022-03-15 22:28:03,065][trainer.py][INFO] - [800/10000]	Train Loss:0.9104
[2022-03-15 22:30:31,526][trainer.py][INFO] - [1600/10000]	Train Loss:0.5928
[2022-03-15 22:33:00,081][trainer.py][INFO] - [2400/10000]	Train Loss:0.9840
[2022-03-15 22:35:29,971][trainer.py][INFO] - [3200/10000]	Train Loss:0.7317
[2022-03-15 22:37:57,853][trainer.py][INFO] - [4000/10000]	Train Loss:0.9035
[2022-03-15 22:40:27,952][trainer.py][INFO] - [4800/10000]	Train Loss:1.0091
[2022-03-15 22:42:58,230][trainer.py][INFO] - [5600/10000]	Train Loss:0.8624
[2022-03-15 22:45:28,604][trainer.py][INFO] - [6400/10000]	Train Loss:1.1368
[2022-03-15 22:48:00,303][trainer.py][INFO] - [7200/10000]	Train Loss:0.8754
[2022-03-15 22:50:30,151][trainer.py][INFO] - [8000/10000]	Train Loss:0.6787
[2022-03-15 22:53:04,568][trainer.py][INFO] - [8800/10000]	Train Loss:1.0019
[2022-03-15 22:55:36,306][trainer.py][INFO] - [9600/10000]	Train Loss:0.6001
[2022-03-15 22:56:48,906][trainer.py][INFO] - [10000/10000]	Train Loss:0.7995
[2022-03-15 22:56:49,168][__init__.py][INFO] - Saved training state to: chkpt/training_latest.state
[2022-03-15 22:56:49,169][trainer.py][INFO] - [Epoch 3]	Generator Learning rate: 1.0000e-4
[2022-03-15 22:59:17,898][trainer.py][INFO] - [800/10000]	Train Loss:0.9077
[2022-03-15 23:01:45,279][trainer.py][INFO] - [1600/10000]	Train Loss:0.5922
[2022-03-15 23:04:11,648][trainer.py][INFO] - [2400/10000]	Train Loss:0.9816
[2022-03-15 23:06:39,751][trainer.py][INFO] - [3200/10000]	Train Loss:0.7315
[2022-03-15 23:09:05,250][trainer.py][INFO] - [4000/10000]	Train Loss:0.9022
[2022-03-15 23:11:33,264][trainer.py][INFO] - [4800/10000]	Train Loss:1.0078
[2022-03-15 23:14:01,614][trainer.py][INFO] - [5600/10000]	Train Loss:0.8615
[2022-03-15 23:16:30,691][trainer.py][INFO] - [6400/10000]	Train Loss:1.1330
[2022-03-15 23:19:00,351][trainer.py][INFO] - [7200/10000]	Train Loss:0.8721
[2022-03-15 23:21:28,362][trainer.py][INFO] - [8000/10000]	Train Loss:0.6773
[2022-03-15 23:24:00,690][trainer.py][INFO] - [8800/10000]	Train Loss:0.9983
[2022-03-15 23:26:30,455][trainer.py][INFO] - [9600/10000]	Train Loss:0.6004
[2022-03-15 23:27:42,001][trainer.py][INFO] - [10000/10000]	Train Loss:0.7961
[2022-03-15 23:27:42,296][__init__.py][INFO] - Saved training state to: chkpt/training_latest.state
[2022-03-15 23:27:42,297][trainer.py][INFO] - [Epoch 4]	Generator Learning rate: 1.0000e-4
[2022-03-15 23:30:11,997][trainer.py][INFO] - [800/10000]	Train Loss:0.9055
[2022-03-15 23:32:39,359][trainer.py][INFO] - [1600/10000]	Train Loss:0.5910
[2022-03-15 23:35:05,824][trainer.py][INFO] - [2400/10000]	Train Loss:0.9797
[2022-03-15 23:37:33,443][trainer.py][INFO] - [3200/10000]	Train Loss:0.7294
[2022-03-15 23:39:59,346][trainer.py][INFO] - [4000/10000]	Train Loss:0.9006
[2022-03-15 23:42:27,828][trainer.py][INFO] - [4800/10000]	Train Loss:1.0068
[2022-03-15 23:44:55,829][trainer.py][INFO] - [5600/10000]	Train Loss:0.8594
[2022-03-15 23:47:25,384][trainer.py][INFO] - [6400/10000]	Train Loss:1.1307
[2022-03-15 23:49:55,620][trainer.py][INFO] - [7200/10000]	Train Loss:0.8694
[2022-03-15 23:52:23,688][trainer.py][INFO] - [8000/10000]	Train Loss:0.6769
[2022-03-15 23:54:55,773][trainer.py][INFO] - [8800/10000]	Train Loss:0.9973
[2022-03-15 23:57:26,116][trainer.py][INFO] - [9600/10000]	Train Loss:0.5991
[2022-03-15 23:58:38,157][trainer.py][INFO] - [10000/10000]	Train Loss:0.7934
[2022-03-15 23:58:38,451][__init__.py][INFO] - Saved training state to: chkpt/training_latest.state
[2022-03-15 23:58:38,452][trainer.py][INFO] - [Epoch 5]	Generator Learning rate: 1.0000e-4
[2022-03-16 00:01:07,008][trainer.py][INFO] - [800/10000]	Train Loss:0.9057
[2022-03-16 00:03:34,642][trainer.py][INFO] - [1600/10000]	Train Loss:0.5907
[2022-03-16 00:06:00,727][trainer.py][INFO] - [2400/10000]	Train Loss:0.9763
[2022-03-16 00:08:28,579][trainer.py][INFO] - [3200/10000]	Train Loss:0.7275
[2022-03-16 00:10:54,092][trainer.py][INFO] - [4000/10000]	Train Loss:0.9004
[2022-03-16 00:13:21,832][trainer.py][INFO] - [4800/10000]	Train Loss:1.0072
[2022-03-16 00:15:49,591][trainer.py][INFO] - [5600/10000]	Train Loss:0.8591
[2022-03-16 00:18:18,461][trainer.py][INFO] - [6400/10000]	Train Loss:1.1274
[2022-03-16 00:20:48,403][trainer.py][INFO] - [7200/10000]	Train Loss:0.8661
[2022-03-16 00:23:15,668][trainer.py][INFO] - [8000/10000]	Train Loss:0.6771
[2022-03-16 00:25:46,772][trainer.py][INFO] - [8800/10000]	Train Loss:0.9952
[2022-03-16 00:28:16,711][trainer.py][INFO] - [9600/10000]	Train Loss:0.5994
[2022-03-16 00:29:27,995][trainer.py][INFO] - [10000/10000]	Train Loss:0.7906
[2022-03-16 00:29:28,300][__init__.py][INFO] - Saved training state to: chkpt/training_latest.state
[2022-03-16 00:29:28,302][trainer.py][INFO] - [Epoch 6]	Generator Learning rate: 1.0000e-4
[2022-03-16 00:31:57,622][trainer.py][INFO] - [800/10000]	Train Loss:0.9059
[2022-03-16 00:34:25,707][trainer.py][INFO] - [1600/10000]	Train Loss:0.5898
[2022-03-16 00:36:52,282][trainer.py][INFO] - [2400/10000]	Train Loss:0.9759
[2022-03-16 00:39:19,904][trainer.py][INFO] - [3200/10000]	Train Loss:0.7254
[2022-03-16 00:41:45,036][trainer.py][INFO] - [4000/10000]	Train Loss:0.9001
[2022-03-16 00:44:12,765][trainer.py][INFO] - [4800/10000]	Train Loss:1.0067
[2022-03-16 00:46:41,481][trainer.py][INFO] - [5600/10000]	Train Loss:0.8579
[2022-03-16 00:49:10,267][trainer.py][INFO] - [6400/10000]	Train Loss:1.1247
[2022-03-16 00:51:40,067][trainer.py][INFO] - [7200/10000]	Train Loss:0.8657
[2022-03-16 00:54:07,960][trainer.py][INFO] - [8000/10000]	Train Loss:0.6768
[2022-03-16 00:56:39,686][trainer.py][INFO] - [8800/10000]	Train Loss:0.9939
[2022-03-16 00:59:09,623][trainer.py][INFO] - [9600/10000]	Train Loss:0.5985
[2022-03-16 01:00:21,056][trainer.py][INFO] - [10000/10000]	Train Loss:0.7880
[2022-03-16 01:00:21,369][__init__.py][INFO] - Saved training state to: chkpt/training_latest.state
[2022-03-16 01:00:21,370][trainer.py][INFO] - [Epoch 7]	Generator Learning rate: 1.0000e-4
[2022-03-16 01:02:50,176][trainer.py][INFO] - [800/10000]	Train Loss:0.9053
[2022-03-16 01:05:16,752][trainer.py][INFO] - [1600/10000]	Train Loss:0.5897
[2022-03-16 01:07:42,474][trainer.py][INFO] - [2400/10000]	Train Loss:0.9744
[2022-03-16 01:10:09,605][trainer.py][INFO] - [3200/10000]	Train Loss:0.7233
[2022-03-16 01:12:33,947][trainer.py][INFO] - [4000/10000]	Train Loss:0.8993
[2022-03-16 01:15:01,210][trainer.py][INFO] - [4800/10000]	Train Loss:1.0065
[2022-03-16 01:17:28,624][trainer.py][INFO] - [5600/10000]	Train Loss:0.8564
[2022-03-16 01:19:56,297][trainer.py][INFO] - [6400/10000]	Train Loss:1.1234
[2022-03-16 01:22:25,584][trainer.py][INFO] - [7200/10000]	Train Loss:0.8645
[2022-03-16 01:24:52,260][trainer.py][INFO] - [8000/10000]	Train Loss:0.6764
[2022-03-16 01:27:21,978][trainer.py][INFO] - [8800/10000]	Train Loss:0.9930
[2022-03-16 01:29:50,315][trainer.py][INFO] - [9600/10000]	Train Loss:0.5982
[2022-03-16 01:31:01,474][trainer.py][INFO] - [10000/10000]	Train Loss:0.7861
[2022-03-16 01:31:01,796][__init__.py][INFO] - Saved training state to: chkpt/training_latest.state
[2022-03-16 01:31:01,797][trainer.py][INFO] - [Epoch 8]	Generator Learning rate: 1.0000e-4
[2022-03-16 01:33:28,740][trainer.py][INFO] - [800/10000]	Train Loss:0.9048
[2022-03-16 01:35:54,073][trainer.py][INFO] - [1600/10000]	Train Loss:0.5894
[2022-03-16 01:38:19,346][trainer.py][INFO] - [2400/10000]	Train Loss:0.9729
[2022-03-16 01:40:44,462][trainer.py][INFO] - [3200/10000]	Train Loss:0.7223
[2022-03-16 01:43:08,151][trainer.py][INFO] - [4000/10000]	Train Loss:0.8979
[2022-03-16 01:45:33,413][trainer.py][INFO] - [4800/10000]	Train Loss:1.0048
[2022-03-16 01:47:59,722][trainer.py][INFO] - [5600/10000]	Train Loss:0.8550
[2022-03-16 01:50:26,422][trainer.py][INFO] - [6400/10000]	Train Loss:1.1222
[2022-03-16 01:52:53,910][trainer.py][INFO] - [7200/10000]	Train Loss:0.8635
[2022-03-16 01:55:19,616][trainer.py][INFO] - [8000/10000]	Train Loss:0.6760
[2022-03-16 01:57:48,317][trainer.py][INFO] - [8800/10000]	Train Loss:0.9933
[2022-03-16 02:00:15,484][trainer.py][INFO] - [9600/10000]	Train Loss:0.5973
[2022-03-16 02:01:26,334][trainer.py][INFO] - [10000/10000]	Train Loss:0.7862
[2022-03-16 02:01:26,660][__init__.py][INFO] - Saved training state to: chkpt/training_latest.state
[2022-03-16 02:01:26,661][trainer.py][INFO] - [Epoch 9]	Generator Learning rate: 1.0000e-4
[2022-03-16 02:03:53,830][trainer.py][INFO] - [800/10000]	Train Loss:0.9035
[2022-03-16 02:06:19,883][trainer.py][INFO] - [1600/10000]	Train Loss:0.5882
[2022-03-16 02:08:44,740][trainer.py][INFO] - [2400/10000]	Train Loss:0.9709
[2022-03-16 02:11:09,989][trainer.py][INFO] - [3200/10000]	Train Loss:0.7209
[2022-03-16 02:13:33,285][trainer.py][INFO] - [4000/10000]	Train Loss:0.8961
[2022-03-16 02:15:58,284][trainer.py][INFO] - [4800/10000]	Train Loss:1.0031
[2022-03-16 02:18:23,557][trainer.py][INFO] - [5600/10000]	Train Loss:0.8560
[2022-03-16 02:20:49,468][trainer.py][INFO] - [6400/10000]	Train Loss:1.1227
[2022-03-16 02:23:16,766][trainer.py][INFO] - [7200/10000]	Train Loss:0.8626
[2022-03-16 02:25:42,504][trainer.py][INFO] - [8000/10000]	Train Loss:0.6745
[2022-03-16 02:28:10,936][trainer.py][INFO] - [8800/10000]	Train Loss:0.9932
[2022-03-16 02:30:38,028][trainer.py][INFO] - [9600/10000]	Train Loss:0.5970
[2022-03-16 02:31:48,739][trainer.py][INFO] - [10000/10000]	Train Loss:0.7845
[2022-03-16 02:31:49,088][__init__.py][INFO] - Saved training state to: chkpt/training_latest.state
[2022-03-16 02:31:49,089][trainer.py][INFO] - [Epoch 10]	Generator Learning rate: 1.0000e-4
[2022-03-16 02:34:16,123][trainer.py][INFO] - [800/10000]	Train Loss:0.9038
[2022-03-16 02:36:41,601][trainer.py][INFO] - [1600/10000]	Train Loss:0.5884
[2022-03-16 02:39:05,807][trainer.py][INFO] - [2400/10000]	Train Loss:0.9698
[2022-03-16 02:41:30,626][trainer.py][INFO] - [3200/10000]	Train Loss:0.7202
[2022-03-16 02:43:53,994][trainer.py][INFO] - [4000/10000]	Train Loss:0.8959
[2022-03-16 02:46:18,875][trainer.py][INFO] - [4800/10000]	Train Loss:1.0025
[2022-03-16 02:48:44,046][trainer.py][INFO] - [5600/10000]	Train Loss:0.8545
[2022-03-16 02:51:09,868][trainer.py][INFO] - [6400/10000]	Train Loss:1.1213
[2022-03-16 02:53:36,673][trainer.py][INFO] - [7200/10000]	Train Loss:0.8612
[2022-03-16 02:56:01,764][trainer.py][INFO] - [8000/10000]	Train Loss:0.6742
[2022-03-16 02:58:30,291][trainer.py][INFO] - [8800/10000]	Train Loss:0.9922
[2022-03-16 03:00:57,930][trainer.py][INFO] - [9600/10000]	Train Loss:0.5976
[2022-03-16 03:02:08,487][trainer.py][INFO] - [10000/10000]	Train Loss:0.7834
[2022-03-16 03:02:08,922][__init__.py][INFO] - Saved training state to: chkpt/training_latest.state
[2022-03-16 03:02:08,923][trainer.py][INFO] - [Epoch 11]	Generator Learning rate: 1.0000e-4
[2022-03-16 03:04:34,827][trainer.py][INFO] - [800/10000]	Train Loss:0.9027
[2022-03-16 03:06:59,872][trainer.py][INFO] - [1600/10000]	Train Loss:0.5877
[2022-03-16 03:09:23,698][trainer.py][INFO] - [2400/10000]	Train Loss:0.9684
[2022-03-16 03:11:47,891][trainer.py][INFO] - [3200/10000]	Train Loss:0.7200
[2022-03-16 03:14:10,787][trainer.py][INFO] - [4000/10000]	Train Loss:0.8949
[2022-03-16 03:16:35,534][trainer.py][INFO] - [4800/10000]	Train Loss:1.0016
[2022-03-16 03:18:59,890][trainer.py][INFO] - [5600/10000]	Train Loss:0.8539
[2022-03-16 03:21:25,488][trainer.py][INFO] - [6400/10000]	Train Loss:1.1206
[2022-03-16 03:23:51,825][trainer.py][INFO] - [7200/10000]	Train Loss:0.8601
[2022-03-16 03:26:16,480][trainer.py][INFO] - [8000/10000]	Train Loss:0.6745
[2022-03-16 03:28:44,738][trainer.py][INFO] - [8800/10000]	Train Loss:0.9915
[2022-03-16 03:31:11,293][trainer.py][INFO] - [9600/10000]	Train Loss:0.5968
[2022-03-16 03:32:21,889][trainer.py][INFO] - [10000/10000]	Train Loss:0.7834
[2022-03-16 03:32:22,239][__init__.py][INFO] - Saved training state to: chkpt/training_latest.state
[2022-03-16 04:07:20,179][trainer.py][INFO] - Test Loss: 0.3938, PSNR: 27.7519, SSIM: 0.8642
[2022-03-16 04:07:20,181][__init__.py][INFO] - Saved network checkpoint to: chkpt/training_11.pth
[2022-03-16 04:07:20,188][__init__.py][INFO] - Saved training state to: chkpt/training_epoch_11.state
[2022-03-16 04:07:20,189][trainer.py][INFO] - [Epoch 12]	Generator Learning rate: 1.0000e-4
[2022-03-16 04:09:45,957][trainer.py][INFO] - [800/10000]	Train Loss:0.9032
[2022-03-16 04:12:10,067][trainer.py][INFO] - [1600/10000]	Train Loss:0.5877
[2022-03-16 04:14:33,292][trainer.py][INFO] - [2400/10000]	Train Loss:0.9688
[2022-03-16 04:16:56,949][trainer.py][INFO] - [3200/10000]	Train Loss:0.7192
[2022-03-16 04:19:19,008][trainer.py][INFO] - [4000/10000]	Train Loss:0.8941
[2022-03-16 04:21:42,793][trainer.py][INFO] - [4800/10000]	Train Loss:1.0007
[2022-03-16 04:24:07,335][trainer.py][INFO] - [5600/10000]	Train Loss:0.8532
[2022-03-16 04:26:32,480][trainer.py][INFO] - [6400/10000]	Train Loss:1.1204
[2022-03-16 04:28:58,795][trainer.py][INFO] - [7200/10000]	Train Loss:0.8601
[2022-03-16 04:31:22,754][trainer.py][INFO] - [8000/10000]	Train Loss:0.6738
[2022-03-16 04:33:50,049][trainer.py][INFO] - [8800/10000]	Train Loss:0.9913
[2022-03-16 04:36:15,552][trainer.py][INFO] - [9600/10000]	Train Loss:0.5976
[2022-03-16 04:37:25,674][trainer.py][INFO] - [10000/10000]	Train Loss:0.7822
[2022-03-16 04:37:26,128][__init__.py][INFO] - Saved training state to: chkpt/training_latest.state
[2022-03-16 04:37:26,129][trainer.py][INFO] - [Epoch 13]	Generator Learning rate: 1.0000e-4
[2022-03-16 04:39:51,307][trainer.py][INFO] - [800/10000]	Train Loss:0.9021
[2022-03-16 04:42:15,090][trainer.py][INFO] - [1600/10000]	Train Loss:0.5875
[2022-03-16 04:44:38,518][trainer.py][INFO] - [2400/10000]	Train Loss:0.9681
[2022-03-16 04:47:02,266][trainer.py][INFO] - [3200/10000]	Train Loss:0.7183
[2022-03-16 04:49:24,390][trainer.py][INFO] - [4000/10000]	Train Loss:0.8939
[2022-03-16 04:51:48,233][trainer.py][INFO] - [4800/10000]	Train Loss:1.0003
[2022-03-16 04:54:13,047][trainer.py][INFO] - [5600/10000]	Train Loss:0.8530
[2022-03-16 04:56:37,770][trainer.py][INFO] - [6400/10000]	Train Loss:1.1186
[2022-03-16 04:59:03,726][trainer.py][INFO] - [7200/10000]	Train Loss:0.8589
[2022-03-16 05:01:27,406][trainer.py][INFO] - [8000/10000]	Train Loss:0.6733
[2022-03-16 05:03:54,442][trainer.py][INFO] - [8800/10000]	Train Loss:0.9914
[2022-03-16 05:06:19,981][trainer.py][INFO] - [9600/10000]	Train Loss:0.5963
[2022-03-16 05:07:29,766][trainer.py][INFO] - [10000/10000]	Train Loss:0.7814
[2022-03-16 05:07:30,133][__init__.py][INFO] - Saved training state to: chkpt/training_latest.state
[2022-03-16 05:07:30,135][trainer.py][INFO] - [Epoch 14]	Generator Learning rate: 1.0000e-4
[2022-03-16 05:09:55,607][trainer.py][INFO] - [800/10000]	Train Loss:0.9024
[2022-03-16 05:12:19,516][trainer.py][INFO] - [1600/10000]	Train Loss:0.5871
[2022-03-16 05:14:43,106][trainer.py][INFO] - [2400/10000]	Train Loss:0.9681
[2022-03-16 05:17:07,057][trainer.py][INFO] - [3200/10000]	Train Loss:0.7177
[2022-03-16 05:19:29,120][trainer.py][INFO] - [4000/10000]	Train Loss:0.8937
[2022-03-16 05:21:53,017][trainer.py][INFO] - [4800/10000]	Train Loss:1.0001
[2022-03-16 05:24:17,214][trainer.py][INFO] - [5600/10000]	Train Loss:0.8522
[2022-03-16 05:26:43,055][trainer.py][INFO] - [6400/10000]	Train Loss:1.1183
[2022-03-16 05:29:09,044][trainer.py][INFO] - [7200/10000]	Train Loss:0.8581
[2022-03-16 05:31:32,743][trainer.py][INFO] - [8000/10000]	Train Loss:0.6731
[2022-03-16 05:33:59,599][trainer.py][INFO] - [8800/10000]	Train Loss:0.9911
[2022-03-16 05:36:25,420][trainer.py][INFO] - [9600/10000]	Train Loss:0.5951
[2022-03-16 05:37:35,454][trainer.py][INFO] - [10000/10000]	Train Loss:0.7812
[2022-03-16 05:37:35,922][__init__.py][INFO] - Saved training state to: chkpt/training_latest.state
[2022-03-16 05:37:35,923][trainer.py][INFO] - [Epoch 15]	Generator Learning rate: 1.0000e-4
[2022-03-16 05:40:01,313][trainer.py][INFO] - [800/10000]	Train Loss:0.9022
[2022-03-16 05:42:25,241][trainer.py][INFO] - [1600/10000]	Train Loss:0.5867
[2022-03-16 05:44:48,401][trainer.py][INFO] - [2400/10000]	Train Loss:0.9677
[2022-03-16 05:47:11,735][trainer.py][INFO] - [3200/10000]	Train Loss:0.7175
[2022-03-16 05:49:34,230][trainer.py][INFO] - [4000/10000]	Train Loss:0.8928
[2022-03-16 05:51:57,634][trainer.py][INFO] - [4800/10000]	Train Loss:1.0000
[2022-03-16 05:54:21,652][trainer.py][INFO] - [5600/10000]	Train Loss:0.8517
[2022-03-16 05:56:46,533][trainer.py][INFO] - [6400/10000]	Train Loss:1.1179
[2022-03-16 05:59:12,348][trainer.py][INFO] - [7200/10000]	Train Loss:0.8581
[2022-03-16 06:01:35,979][trainer.py][INFO] - [8000/10000]	Train Loss:0.6716
[2022-03-16 06:04:02,540][trainer.py][INFO] - [8800/10000]	Train Loss:0.9899
[2022-03-16 06:06:28,230][trainer.py][INFO] - [9600/10000]	Train Loss:0.5946
[2022-03-16 06:07:37,944][trainer.py][INFO] - [10000/10000]	Train Loss:0.7807
[2022-03-16 06:07:38,325][__init__.py][INFO] - Saved training state to: chkpt/training_latest.state
[2022-03-16 06:07:38,327][trainer.py][INFO] - [Epoch 16]	Generator Learning rate: 1.0000e-4
[2022-03-16 06:10:04,450][trainer.py][INFO] - [800/10000]	Train Loss:0.9016
[2022-03-16 06:12:29,310][trainer.py][INFO] - [1600/10000]	Train Loss:0.5864
[2022-03-16 06:14:53,502][trainer.py][INFO] - [2400/10000]	Train Loss:0.9678
[2022-03-16 06:17:17,685][trainer.py][INFO] - [3200/10000]	Train Loss:0.7161
[2022-03-16 06:19:40,022][trainer.py][INFO] - [4000/10000]	Train Loss:0.8923
[2022-03-16 06:22:04,475][trainer.py][INFO] - [4800/10000]	Train Loss:0.9989
[2022-03-16 06:24:28,806][trainer.py][INFO] - [5600/10000]	Train Loss:0.8516
[2022-03-16 06:26:53,860][trainer.py][INFO] - [6400/10000]	Train Loss:1.1171
[2022-03-16 06:29:19,597][trainer.py][INFO] - [7200/10000]	Train Loss:0.8579
[2022-03-16 06:31:43,589][trainer.py][INFO] - [8000/10000]	Train Loss:0.6723
[2022-03-16 06:34:10,952][trainer.py][INFO] - [8800/10000]	Train Loss:0.9891
[2022-03-16 06:36:37,469][trainer.py][INFO] - [9600/10000]	Train Loss:0.5936
[2022-03-16 06:37:47,815][trainer.py][INFO] - [10000/10000]	Train Loss:0.7800
[2022-03-16 06:37:48,310][__init__.py][INFO] - Saved training state to: chkpt/training_latest.state
[2022-03-16 06:37:48,311][trainer.py][INFO] - [Epoch 17]	Generator Learning rate: 1.0000e-4
[2022-03-16 06:40:13,803][trainer.py][INFO] - [800/10000]	Train Loss:0.9009
[2022-03-16 06:42:37,087][trainer.py][INFO] - [1600/10000]	Train Loss:0.5860
[2022-03-16 06:45:00,568][trainer.py][INFO] - [2400/10000]	Train Loss:0.9673
[2022-03-16 06:47:24,177][trainer.py][INFO] - [3200/10000]	Train Loss:0.7169
[2022-03-16 06:49:45,836][trainer.py][INFO] - [4000/10000]	Train Loss:0.8917
[2022-03-16 06:52:09,166][trainer.py][INFO] - [4800/10000]	Train Loss:0.9999
[2022-03-16 06:54:32,667][trainer.py][INFO] - [5600/10000]	Train Loss:0.8511
[2022-03-16 06:56:57,054][trainer.py][INFO] - [6400/10000]	Train Loss:1.1181
[2022-03-16 06:59:22,464][trainer.py][INFO] - [7200/10000]	Train Loss:0.8564
[2022-03-16 07:01:45,943][trainer.py][INFO] - [8000/10000]	Train Loss:0.6715
[2022-03-16 07:04:12,714][trainer.py][INFO] - [8800/10000]	Train Loss:0.9904
[2022-03-16 07:06:38,550][trainer.py][INFO] - [9600/10000]	Train Loss:0.5931
[2022-03-16 07:07:48,710][trainer.py][INFO] - [10000/10000]	Train Loss:0.7798
[2022-03-16 07:07:49,104][__init__.py][INFO] - Saved training state to: chkpt/training_latest.state
[2022-03-16 07:07:49,105][trainer.py][INFO] - [Epoch 18]	Generator Learning rate: 1.0000e-4
[2022-03-16 07:10:14,423][trainer.py][INFO] - [800/10000]	Train Loss:0.9008
[2022-03-16 07:12:37,633][trainer.py][INFO] - [1600/10000]	Train Loss:0.5858
[2022-03-16 07:15:01,065][trainer.py][INFO] - [2400/10000]	Train Loss:0.9674
[2022-03-16 07:17:24,273][trainer.py][INFO] - [3200/10000]	Train Loss:0.7156
[2022-03-16 07:19:45,984][trainer.py][INFO] - [4000/10000]	Train Loss:0.8913
[2022-03-16 07:22:09,076][trainer.py][INFO] - [4800/10000]	Train Loss:0.9986
[2022-03-16 07:24:32,177][trainer.py][INFO] - [5600/10000]	Train Loss:0.8507
[2022-03-16 07:26:56,797][trainer.py][INFO] - [6400/10000]	Train Loss:1.1171
[2022-03-16 07:29:22,110][trainer.py][INFO] - [7200/10000]	Train Loss:0.8561
[2022-03-16 07:31:45,426][trainer.py][INFO] - [8000/10000]	Train Loss:0.6711
[2022-03-16 07:34:11,682][trainer.py][INFO] - [8800/10000]	Train Loss:0.9898
[2022-03-16 07:36:37,582][trainer.py][INFO] - [9600/10000]	Train Loss:0.5921
[2022-03-16 07:37:47,396][trainer.py][INFO] - [10000/10000]	Train Loss:0.7800
[2022-03-16 07:37:47,892][__init__.py][INFO] - Saved training state to: chkpt/training_latest.state
[2022-03-16 07:37:47,893][trainer.py][INFO] - [Epoch 19]	Generator Learning rate: 1.0000e-4
[2022-03-16 07:40:12,505][trainer.py][INFO] - [800/10000]	Train Loss:0.9004
[2022-03-16 07:42:35,628][trainer.py][INFO] - [1600/10000]	Train Loss:0.5857
[2022-03-16 07:44:58,468][trainer.py][INFO] - [2400/10000]	Train Loss:0.9671
[2022-03-16 07:47:21,442][trainer.py][INFO] - [3200/10000]	Train Loss:0.7151
[2022-03-16 07:49:42,549][trainer.py][INFO] - [4000/10000]	Train Loss:0.8905
[2022-03-16 07:52:04,959][trainer.py][INFO] - [4800/10000]	Train Loss:0.9982
[2022-03-16 07:54:27,624][trainer.py][INFO] - [5600/10000]	Train Loss:0.8508
[2022-03-16 07:56:51,783][trainer.py][INFO] - [6400/10000]	Train Loss:1.1161
[2022-03-16 07:59:16,993][trainer.py][INFO] - [7200/10000]	Train Loss:0.8562
[2022-03-16 08:01:40,515][trainer.py][INFO] - [8000/10000]	Train Loss:0.6716
[2022-03-16 08:04:06,621][trainer.py][INFO] - [8800/10000]	Train Loss:0.9888
[2022-03-16 08:06:32,412][trainer.py][INFO] - [9600/10000]	Train Loss:0.5939
[2022-03-16 08:07:42,182][trainer.py][INFO] - [10000/10000]	Train Loss:0.7799
[2022-03-16 08:07:42,689][__init__.py][INFO] - Saved training state to: chkpt/training_latest.state
[2022-03-16 08:07:42,690][trainer.py][INFO] - [Epoch 20]	Generator Learning rate: 1.0000e-4
[2022-03-16 08:10:07,671][trainer.py][INFO] - [800/10000]	Train Loss:0.9005
[2022-03-16 08:12:31,213][trainer.py][INFO] - [1600/10000]	Train Loss:0.5849
[2022-03-16 08:14:53,940][trainer.py][INFO] - [2400/10000]	Train Loss:0.9667
[2022-03-16 08:17:17,019][trainer.py][INFO] - [3200/10000]	Train Loss:0.7154
[2022-03-16 08:19:39,070][trainer.py][INFO] - [4000/10000]	Train Loss:0.8903
[2022-03-16 08:22:02,090][trainer.py][INFO] - [4800/10000]	Train Loss:0.9984
[2022-03-16 08:24:26,284][trainer.py][INFO] - [5600/10000]	Train Loss:0.8495
[2022-03-16 08:26:50,420][trainer.py][INFO] - [6400/10000]	Train Loss:1.1166
[2022-03-16 08:29:16,302][trainer.py][INFO] - [7200/10000]	Train Loss:0.8557
[2022-03-16 08:31:39,435][trainer.py][INFO] - [8000/10000]	Train Loss:0.6705
[2022-03-16 08:34:08,768][trainer.py][INFO] - [8800/10000]	Train Loss:0.9882
[2022-03-16 08:36:38,607][trainer.py][INFO] - [9600/10000]	Train Loss:0.5926
[2022-03-16 08:37:53,964][trainer.py][INFO] - [10000/10000]	Train Loss:0.7792
[2022-03-16 08:37:54,401][__init__.py][INFO] - Saved training state to: chkpt/training_latest.state
[2022-03-16 08:37:54,403][trainer.py][INFO] - [Epoch 21]	Generator Learning rate: 1.0000e-4
[2022-03-16 08:40:24,681][trainer.py][INFO] - [800/10000]	Train Loss:0.8998
[2022-03-16 08:42:50,067][trainer.py][INFO] - [1600/10000]	Train Loss:0.5856
[2022-03-16 08:45:12,481][trainer.py][INFO] - [2400/10000]	Train Loss:0.9660
[2022-03-16 08:47:34,352][trainer.py][INFO] - [3200/10000]	Train Loss:0.7154
[2022-03-16 08:49:59,883][trainer.py][INFO] - [4000/10000]	Train Loss:0.8899
[2022-03-16 08:52:28,965][trainer.py][INFO] - [4800/10000]	Train Loss:0.9984
[2022-03-16 08:54:55,821][trainer.py][INFO] - [5600/10000]	Train Loss:0.8490
[2022-03-16 08:57:19,589][trainer.py][INFO] - [6400/10000]	Train Loss:1.1169
[2022-03-16 08:59:44,236][trainer.py][INFO] - [7200/10000]	Train Loss:0.8555
[2022-03-16 09:02:06,682][trainer.py][INFO] - [8000/10000]	Train Loss:0.6694
[2022-03-16 09:04:32,284][trainer.py][INFO] - [8800/10000]	Train Loss:0.9875
[2022-03-16 09:06:57,454][trainer.py][INFO] - [9600/10000]	Train Loss:0.5929
[2022-03-16 09:08:06,986][trainer.py][INFO] - [10000/10000]	Train Loss:0.7789
[2022-03-16 09:08:07,513][__init__.py][INFO] - Saved training state to: chkpt/training_latest.state
[2022-03-16 09:43:13,869][trainer.py][INFO] - Test Loss: 0.3913, PSNR: 27.8665, SSIM: 0.8675
[2022-03-16 09:43:13,871][__init__.py][INFO] - Saved network checkpoint to: chkpt/training_21.pth
[2022-03-16 09:43:13,878][__init__.py][INFO] - Saved training state to: chkpt/training_epoch_21.state
[2022-03-16 09:43:13,879][trainer.py][INFO] - [Epoch 22]	Generator Learning rate: 1.0000e-4
[2022-03-16 09:45:42,867][trainer.py][INFO] - [800/10000]	Train Loss:0.8995
[2022-03-16 09:48:12,164][trainer.py][INFO] - [1600/10000]	Train Loss:0.5855
[2022-03-16 09:50:41,460][trainer.py][INFO] - [2400/10000]	Train Loss:0.9660
[2022-03-16 09:53:07,647][trainer.py][INFO] - [3200/10000]	Train Loss:0.7136
[2022-03-16 09:55:27,888][trainer.py][INFO] - [4000/10000]	Train Loss:0.8909
[2022-03-16 09:57:49,669][trainer.py][INFO] - [4800/10000]	Train Loss:0.9970
[2022-03-16 10:00:11,205][trainer.py][INFO] - [5600/10000]	Train Loss:0.8488
[2022-03-16 10:02:33,872][trainer.py][INFO] - [6400/10000]	Train Loss:1.1177
[2022-03-16 10:05:04,407][trainer.py][INFO] - [7200/10000]	Train Loss:0.8546
[2022-03-16 10:07:31,853][trainer.py][INFO] - [8000/10000]	Train Loss:0.6696
[2022-03-16 10:10:06,723][trainer.py][INFO] - [8800/10000]	Train Loss:0.9874
[2022-03-16 10:12:39,062][trainer.py][INFO] - [9600/10000]	Train Loss:0.5924
[2022-03-16 10:13:50,345][trainer.py][INFO] - [10000/10000]	Train Loss:0.7785
[2022-03-16 10:13:50,856][__init__.py][INFO] - Saved training state to: chkpt/training_latest.state
[2022-03-16 10:13:50,857][trainer.py][INFO] - [Epoch 23]	Generator Learning rate: 1.0000e-4
[2022-03-16 10:16:14,478][trainer.py][INFO] - [800/10000]	Train Loss:0.8999
[2022-03-16 10:18:39,910][trainer.py][INFO] - [1600/10000]	Train Loss:0.5845
[2022-03-16 10:21:10,000][trainer.py][INFO] - [2400/10000]	Train Loss:0.9655
[2022-03-16 10:23:37,499][trainer.py][INFO] - [3200/10000]	Train Loss:0.7139
[2022-03-16 10:26:03,259][trainer.py][INFO] - [4000/10000]	Train Loss:0.8898
[2022-03-16 10:28:35,851][trainer.py][INFO] - [4800/10000]	Train Loss:0.9980
[2022-03-16 10:31:13,379][trainer.py][INFO] - [5600/10000]	Train Loss:0.8491
[2022-03-16 10:33:51,153][trainer.py][INFO] - [6400/10000]	Train Loss:1.1157
[2022-03-16 10:36:32,164][trainer.py][INFO] - [7200/10000]	Train Loss:0.8542
[2022-03-16 10:39:05,925][trainer.py][INFO] - [8000/10000]	Train Loss:0.6687
[2022-03-16 10:41:44,137][trainer.py][INFO] - [8800/10000]	Train Loss:0.9866
[2022-03-16 10:44:19,487][trainer.py][INFO] - [9600/10000]	Train Loss:0.5926
[2022-03-16 10:45:32,813][trainer.py][INFO] - [10000/10000]	Train Loss:0.7791
[2022-03-16 10:45:33,324][__init__.py][INFO] - Saved training state to: chkpt/training_latest.state
[2022-03-16 10:45:33,325][trainer.py][INFO] - [Epoch 24]	Generator Learning rate: 1.0000e-4
[2022-03-16 10:48:08,850][trainer.py][INFO] - [800/10000]	Train Loss:0.8992
[2022-03-16 10:50:47,507][trainer.py][INFO] - [1600/10000]	Train Loss:0.5843
[2022-03-16 10:53:18,689][trainer.py][INFO] - [2400/10000]	Train Loss:0.9653
[2022-03-16 10:55:44,195][trainer.py][INFO] - [3200/10000]	Train Loss:0.7133
[2022-03-16 10:58:12,317][trainer.py][INFO] - [4000/10000]	Train Loss:0.8898
[2022-03-16 11:00:41,743][trainer.py][INFO] - [4800/10000]	Train Loss:0.9971
[2022-03-16 11:03:06,458][trainer.py][INFO] - [5600/10000]	Train Loss:0.8482
[2022-03-16 11:05:32,429][trainer.py][INFO] - [6400/10000]	Train Loss:1.1154
[2022-03-16 11:08:02,585][trainer.py][INFO] - [7200/10000]	Train Loss:0.8536
[2022-03-16 11:10:27,995][trainer.py][INFO] - [8000/10000]	Train Loss:0.6683
[2022-03-16 11:13:06,428][trainer.py][INFO] - [8800/10000]	Train Loss:0.9871
[2022-03-16 11:15:39,671][trainer.py][INFO] - [9600/10000]	Train Loss:0.5924
[2022-03-16 11:16:51,540][trainer.py][INFO] - [10000/10000]	Train Loss:0.7779
[2022-03-16 11:16:52,072][__init__.py][INFO] - Saved training state to: chkpt/training_latest.state
[2022-03-16 11:16:52,073][trainer.py][INFO] - [Epoch 25]	Generator Learning rate: 2.5000e-5
[2022-03-16 11:19:21,122][trainer.py][INFO] - [800/10000]	Train Loss:0.8985
[2022-03-16 11:21:47,869][trainer.py][INFO] - [1600/10000]	Train Loss:0.5839
[2022-03-16 11:24:10,467][trainer.py][INFO] - [2400/10000]	Train Loss:0.9640
[2022-03-16 11:26:32,941][trainer.py][INFO] - [3200/10000]	Train Loss:0.7125
[2022-03-16 11:28:53,568][trainer.py][INFO] - [4000/10000]	Train Loss:0.8881
[2022-03-16 11:31:16,099][trainer.py][INFO] - [4800/10000]	Train Loss:0.9946
[2022-03-16 11:33:38,013][trainer.py][INFO] - [5600/10000]	Train Loss:0.8477
[2022-03-16 11:36:00,951][trainer.py][INFO] - [6400/10000]	Train Loss:1.1152
[2022-03-16 11:38:25,143][trainer.py][INFO] - [7200/10000]	Train Loss:0.8529
[2022-03-16 11:40:48,205][trainer.py][INFO] - [8000/10000]	Train Loss:0.6678
[2022-03-16 11:43:13,134][trainer.py][INFO] - [8800/10000]	Train Loss:0.9853
[2022-03-16 11:45:37,059][trainer.py][INFO] - [9600/10000]	Train Loss:0.5905
[2022-03-16 11:46:46,288][trainer.py][INFO] - [10000/10000]	Train Loss:0.7782
[2022-03-16 11:46:46,808][__init__.py][INFO] - Saved training state to: chkpt/training_latest.state
[2022-03-16 11:46:46,809][trainer.py][INFO] - [Epoch 26]	Generator Learning rate: 5.0000e-5
[2022-03-16 11:49:10,070][trainer.py][INFO] - [800/10000]	Train Loss:0.8980
[2022-03-16 11:51:31,713][trainer.py][INFO] - [1600/10000]	Train Loss:0.5839
[2022-03-16 11:53:53,558][trainer.py][INFO] - [2400/10000]	Train Loss:0.9643
[2022-03-16 11:56:15,221][trainer.py][INFO] - [3200/10000]	Train Loss:0.7122
[2022-03-16 11:58:35,532][trainer.py][INFO] - [4000/10000]	Train Loss:0.8877
[2022-03-16 12:00:56,974][trainer.py][INFO] - [4800/10000]	Train Loss:0.9947
[2022-03-16 12:03:18,675][trainer.py][INFO] - [5600/10000]	Train Loss:0.8470
[2022-03-16 12:05:41,826][trainer.py][INFO] - [6400/10000]	Train Loss:1.1154
[2022-03-16 12:08:05,762][trainer.py][INFO] - [7200/10000]	Train Loss:0.8522
[2022-03-16 12:10:28,446][trainer.py][INFO] - [8000/10000]	Train Loss:0.6678
[2022-03-16 12:12:53,616][trainer.py][INFO] - [8800/10000]	Train Loss:0.9849
[2022-03-16 12:15:17,585][trainer.py][INFO] - [9600/10000]	Train Loss:0.5904
[2022-03-16 12:16:26,576][trainer.py][INFO] - [10000/10000]	Train Loss:0.7778
[2022-03-16 12:16:27,104][__init__.py][INFO] - Saved training state to: chkpt/training_latest.state
[2022-03-16 12:16:27,105][trainer.py][INFO] - [Epoch 27]	Generator Learning rate: 5.0000e-5
[2022-03-16 12:18:50,752][trainer.py][INFO] - [800/10000]	Train Loss:0.8977
[2022-03-16 12:21:12,609][trainer.py][INFO] - [1600/10000]	Train Loss:0.5834
[2022-03-16 12:23:43,533][trainer.py][INFO] - [2400/10000]	Train Loss:0.9639
[2022-03-16 12:26:17,063][trainer.py][INFO] - [3200/10000]	Train Loss:0.7126
[2022-03-16 12:28:41,331][trainer.py][INFO] - [4000/10000]	Train Loss:0.8878
[2022-03-16 12:31:06,106][trainer.py][INFO] - [4800/10000]	Train Loss:0.9942
[2022-03-16 12:33:36,670][trainer.py][INFO] - [5600/10000]	Train Loss:0.8470
[2022-03-16 12:36:08,365][trainer.py][INFO] - [6400/10000]	Train Loss:1.1147
[2022-03-16 12:38:36,039][trainer.py][INFO] - [7200/10000]	Train Loss:0.8523
[2022-03-16 12:40:58,122][trainer.py][INFO] - [8000/10000]	Train Loss:0.6674
[2022-03-16 12:43:23,189][trainer.py][INFO] - [8800/10000]	Train Loss:0.9849
[2022-03-16 12:45:47,972][trainer.py][INFO] - [9600/10000]	Train Loss:0.5909
[2022-03-16 12:46:57,189][trainer.py][INFO] - [10000/10000]	Train Loss:0.7776
[2022-03-16 12:46:57,732][__init__.py][INFO] - Saved training state to: chkpt/training_latest.state
[2022-03-16 12:46:57,733][trainer.py][INFO] - [Epoch 28]	Generator Learning rate: 5.0000e-5
[2022-03-16 12:49:22,002][trainer.py][INFO] - [800/10000]	Train Loss:0.8981
[2022-03-16 12:51:44,420][trainer.py][INFO] - [1600/10000]	Train Loss:0.5835
[2022-03-16 12:54:06,170][trainer.py][INFO] - [2400/10000]	Train Loss:0.9636
[2022-03-16 12:56:29,282][trainer.py][INFO] - [3200/10000]	Train Loss:0.7119
[2022-03-16 12:58:49,491][trainer.py][INFO] - [4000/10000]	Train Loss:0.8873
[2022-03-16 13:01:11,727][trainer.py][INFO] - [4800/10000]	Train Loss:0.9948
[2022-03-16 13:03:33,443][trainer.py][INFO] - [5600/10000]	Train Loss:0.8472
[2022-03-16 13:05:56,986][trainer.py][INFO] - [6400/10000]	Train Loss:1.1146
[2022-03-16 13:08:21,499][trainer.py][INFO] - [7200/10000]	Train Loss:0.8520
[2022-03-16 13:10:43,938][trainer.py][INFO] - [8000/10000]	Train Loss:0.6671
[2022-03-16 13:13:09,203][trainer.py][INFO] - [8800/10000]	Train Loss:0.9852
[2022-03-16 13:15:33,721][trainer.py][INFO] - [9600/10000]	Train Loss:0.5911
[2022-03-16 13:16:42,990][trainer.py][INFO] - [10000/10000]	Train Loss:0.7777
[2022-03-16 13:16:43,531][__init__.py][INFO] - Saved training state to: chkpt/training_latest.state
[2022-03-16 13:16:43,532][trainer.py][INFO] - [Epoch 29]	Generator Learning rate: 5.0000e-5
[2022-03-16 13:19:06,593][trainer.py][INFO] - [800/10000]	Train Loss:0.8978
[2022-03-16 13:21:28,522][trainer.py][INFO] - [1600/10000]	Train Loss:0.5832
[2022-03-16 13:23:50,349][trainer.py][INFO] - [2400/10000]	Train Loss:0.9638
[2022-03-16 13:26:12,875][trainer.py][INFO] - [3200/10000]	Train Loss:0.7118
[2022-03-16 13:28:33,105][trainer.py][INFO] - [4000/10000]	Train Loss:0.8877
[2022-03-16 13:30:54,817][trainer.py][INFO] - [4800/10000]	Train Loss:0.9941
[2022-03-16 13:33:16,593][trainer.py][INFO] - [5600/10000]	Train Loss:0.8474
[2022-03-16 13:35:39,674][trainer.py][INFO] - [6400/10000]	Train Loss:1.1140
[2022-03-16 13:38:03,911][trainer.py][INFO] - [7200/10000]	Train Loss:0.8518
[2022-03-16 13:40:26,470][trainer.py][INFO] - [8000/10000]	Train Loss:0.6668
[2022-03-16 13:42:51,673][trainer.py][INFO] - [8800/10000]	Train Loss:0.9848
[2022-03-16 13:45:16,635][trainer.py][INFO] - [9600/10000]	Train Loss:0.5909
[2022-03-16 13:46:25,946][trainer.py][INFO] - [10000/10000]	Train Loss:0.7778
[2022-03-16 13:46:26,499][__init__.py][INFO] - Saved training state to: chkpt/training_latest.state
[2022-03-16 13:46:26,500][trainer.py][INFO] - [Epoch 30]	Generator Learning rate: 5.0000e-5
[2022-03-16 13:48:50,156][trainer.py][INFO] - [800/10000]	Train Loss:0.8983
[2022-03-16 13:51:11,756][trainer.py][INFO] - [1600/10000]	Train Loss:0.5835
[2022-03-16 13:53:33,562][trainer.py][INFO] - [2400/10000]	Train Loss:0.9632
[2022-03-16 13:55:55,160][trainer.py][INFO] - [3200/10000]	Train Loss:0.7118
[2022-03-16 13:58:15,541][trainer.py][INFO] - [4000/10000]	Train Loss:0.8870
[2022-03-16 14:00:36,875][trainer.py][INFO] - [4800/10000]	Train Loss:0.9945
[2022-03-16 14:02:59,185][trainer.py][INFO] - [5600/10000]	Train Loss:0.8467
[2022-03-16 14:05:27,226][trainer.py][INFO] - [6400/10000]	Train Loss:1.1136
[2022-03-16 14:07:56,081][trainer.py][INFO] - [7200/10000]	Train Loss:0.8515
[2022-03-16 14:10:27,780][trainer.py][INFO] - [8000/10000]	Train Loss:0.6668
[2022-03-16 14:12:59,613][trainer.py][INFO] - [8800/10000]	Train Loss:0.9846
[2022-03-16 14:15:32,103][trainer.py][INFO] - [9600/10000]	Train Loss:0.5903
[2022-03-16 14:16:45,711][trainer.py][INFO] - [10000/10000]	Train Loss:0.7780
[2022-03-16 14:16:46,315][__init__.py][INFO] - Saved training state to: chkpt/training_latest.state
[2022-03-16 14:52:15,537][trainer.py][INFO] - Test Loss: 0.3908, PSNR: 27.8835, SSIM: 0.8678
[2022-03-16 14:52:15,539][__init__.py][INFO] - Saved network checkpoint to: chkpt/training_30.pth
[2022-03-16 14:52:15,546][__init__.py][INFO] - Saved training state to: chkpt/training_epoch_30.state
[2022-03-16 14:52:15,546][trainer.py][INFO] - End of Train
